Arguments: 
  C:\Program Files\nodejs\node.exe C:\Users\minui\AppData\Roaming\npm\node_modules\yarn\bin\yarn.js install

PATH: 
  C:\Program Files\Eclipse Adoptium\jdk-17.0.10.7-hotspot\bin;C:\Program Files\Common Files\Oracle\Java\javapath;C:\Program Files (x86)\Common Files\Oracle\Java\javapath;C:\Program Files\AdoptOpenJDK\jdk-11.0.8.10-hotspot\bin;C:\Windows\system32;C:\Windows;C:\Windows\System32\Wbem;C:\Windows\System32\WindowsPowerShell\v1.0\;C:\Windows\System32\OpenSSH\;C:\Program Files (x86)\NVIDIA Corporation\PhysX\Common;C:\Program Files\Git\cmd;C:\Program Files\nodejs\;C:\Program Files\dotnet\;C:\Users\minui\AppData\Local\Microsoft\WindowsApps;;C:\Users\minui\AppData\Local\Programs\Microsoft VS Code\bin;C:\Users\minui\AppData\Roaming\npm;C:\Users\minui\.dotnet\tools

Yarn version: 
  1.22.19

Node version: 
  20.9.0

Platform: 
  win32 x64

Trace: 
  SyntaxError: C:\Users\minui\Desktop\Documents\Dev\Git\bender-bot\package.json: Expected double-quoted property name in JSON at position 640
      at JSON.parse (<anonymous>)
      at C:\Users\minui\AppData\Roaming\npm\node_modules\yarn\lib\cli.js:1629:59
      at Generator.next (<anonymous>)
      at step (C:\Users\minui\AppData\Roaming\npm\node_modules\yarn\lib\cli.js:310:30)
      at C:\Users\minui\AppData\Roaming\npm\node_modules\yarn\lib\cli.js:321:13

npm manifest: 
  {
    "name": "bender",
    "version": "1.0.0",
    "license": "UNLICENSED",
    "scripts": {
      "start": "ts-node src/Bot.ts"
    },
    "devDependencies": {
      "@tsconfig/node16": "^1.0.4",
      "@types/luxon": "^3.4.2",
      "@types/node": "^20.12.2",
      "ts-node": "^10.9.2",
      "typescript": "^5.4.3"
    },
    "dependencies": {
      "@discordjs/voice": "^0.16.1",
      "@types/node-fetch": "^2.6.11",
      "discord.js": "^14.14.1",
      "dotenv": "^16.4.5",
      "ffmpeg": "^0.0.4",
      "ffmpeg-static": "^5.2.0",
      "google-tts-api": "^2.0.2",
      "luxon": "^3.4.4",
      "pretty-ms": "^7.0.1",
      "sodium-native": "^4.1.1",
      "tslog": "^4.9.2",
    }
  }

yarn manifest: 
  No manifest

Lockfile: 
  No lockfile
